<?xml version="1.0" encoding="UTF-8"?>
<!-- Generated by org.testng.reporters.JUnitReportReporter -->
<testsuite hostname="Lucky10" failures="0" tests="1" name="Com.Test.Test_1" time="11.474" errors="0" timestamp="2023-10-13T06:13:06 IST" skipped="0">
  <testcase classname="Com.Test.Test_1" name="test_1" time="11.474"/>
  <system-out/>
</testsuite> <!-- Com.Test.Test_1 -->
